<?xml version="1.0" encoding="UTF-8"?>
<!-- Generated by org.testng.reporters.JUnitReportReporter -->
<testsuite hostname="GSS-PC" failures="1" tests="2" name="cucumberOption.Testngrunner" time="70.206" errors="0" timestamp="2023-09-24T13:03:19 IST" skipped="0">
  <testcase classname="cucumberOption.Testngrunner" name="runScenario" time="24.236">
    <failure message="expected [true] but found [false]" type="java.lang.AssertionError">
      <![CDATA[java.lang.AssertionError: expected [true] but found [false]
at org.testng.Assert.fail(Assert.java:110)
at org.testng.Assert.failNotEquals(Assert.java:1577)
at org.testng.Assert.assertTrue(Assert.java:56)
at org.testng.Assert.assertTrue(Assert.java:66)
at stepDef.Project_stepDefinition.page_title_should_be(Project_stepDefinition.java:69)
at âœ½.page title should be "Dashboard / nopCommerce administration"(file:///E:/tt2/cucumproject/src/test/java/features/project.feature:10)
]]>
    </failure>
  </testcase> <!-- runScenario -->
  <system-out/>
  <testcase classname="cucumberOption.Testngrunner" name="runScenario" time="45.970"/>
  <system-out/>
</testsuite> <!-- cucumberOption.Testngrunner -->
